C:\USERS\USER\DESKTOP\GAMEENGINE\GAMEENGINE\DEBUG\CAMERA.OBJ
C:\USERS\USER\DESKTOP\GAMEENGINE\GAMEENGINE\DEBUG\LAB1.OBJ
C:\USERS\USER\DESKTOP\GAMEENGINE\GAMEENGINE\DEBUG\MAIN.OBJ
C:\USERS\USER\DESKTOP\GAMEENGINE\GAMEENGINE\DEBUG\MESH.OBJ
C:\USERS\USER\DESKTOP\GAMEENGINE\GAMEENGINE\DEBUG\MODEL.OBJ
C:\USERS\USER\DESKTOP\GAMEENGINE\GAMEENGINE\DEBUG\OBJECTBUFFER.OBJ
C:\USERS\USER\DESKTOP\GAMEENGINE\GAMEENGINE\DEBUG\RIGIDBODY.OBJ
C:\USERS\USER\DESKTOP\GAMEENGINE\GAMEENGINE\DEBUG\SHADER.OBJ
C:\USERS\USER\DESKTOP\GAMEENGINE\GAMEENGINE\DEBUG\TEXTURE.OBJ
C:\USERS\USER\DESKTOP\GAMEENGINE\GAMEENGINE\DEBUG\TEXTURELOADER.OBJ
C:\USERS\USER\DESKTOP\GAMEENGINE\GAMEENGINE\DEBUG\WINDOW.OBJ
C:\USERS\USER\DESKTOP\GAMEENGINE\GAMEENGINE\DEBUG\VC110.PDB
C:\Users\User\Desktop\GameEngine\GameEngine\Debug\Camera.obj
C:\Users\User\Desktop\GameEngine\GameEngine\Debug\Lab1.obj
C:\Users\User\Desktop\GameEngine\GameEngine\Debug\Main.obj
C:\Users\User\Desktop\GameEngine\GameEngine\Debug\Mesh.obj
C:\Users\User\Desktop\GameEngine\GameEngine\Debug\Model.obj
C:\Users\User\Desktop\GameEngine\GameEngine\Debug\ObjectBuffer.obj
C:\Users\User\Desktop\GameEngine\GameEngine\Debug\RigidBody.obj
C:\Users\User\Desktop\GameEngine\GameEngine\Debug\Shader.obj
C:\Users\User\Desktop\GameEngine\GameEngine\Debug\Texture.obj
C:\Users\User\Desktop\GameEngine\GameEngine\Debug\TextureLoader.obj
C:\Users\User\Desktop\GameEngine\GameEngine\Debug\Window.obj
C:\Users\User\Desktop\GameEngine\GameEngine\Debug\cl.command.1.tlog
C:\Users\User\Desktop\GameEngine\GameEngine\Debug\CL.read.1.tlog
C:\Users\User\Desktop\GameEngine\GameEngine\Debug\CL.write.1.tlog
C:\Users\User\Desktop\GameEngine\GameEngine\Debug\vc110.idb
C:\Users\User\Desktop\GameEngine\GameEngine\Debug\vc110.pdb
