C:\USERS\USER\DESKTOP\GAMEENGINE\GAMEENGINE\RELEASE\WINDOW.OBJ
C:\USERS\USER\DESKTOP\GAMEENGINE\GAMEENGINE\RELEASE\TEXTURELOADER.OBJ
C:\USERS\USER\DESKTOP\GAMEENGINE\GAMEENGINE\RELEASE\TEXTURE.OBJ
C:\USERS\USER\DESKTOP\GAMEENGINE\GAMEENGINE\RELEASE\SIMPLEMESH.OBJ
C:\USERS\USER\DESKTOP\GAMEENGINE\GAMEENGINE\RELEASE\SHADER.OBJ
C:\USERS\USER\DESKTOP\GAMEENGINE\GAMEENGINE\RELEASE\RIGIDBODY.OBJ
C:\USERS\USER\DESKTOP\GAMEENGINE\GAMEENGINE\RELEASE\RENDERINGLAB1.OBJ
C:\USERS\USER\DESKTOP\GAMEENGINE\GAMEENGINE\RELEASE\OBJECTBUFFER.OBJ
C:\USERS\USER\DESKTOP\GAMEENGINE\GAMEENGINE\RELEASE\MESH.OBJ
C:\USERS\USER\DESKTOP\GAMEENGINE\GAMEENGINE\RELEASE\MAIN.OBJ
C:\USERS\USER\DESKTOP\GAMEENGINE\GAMEENGINE\RELEASE\LIGHTING.OBJ
C:\USERS\USER\DESKTOP\GAMEENGINE\GAMEENGINE\RELEASE\LAB3.OBJ
C:\USERS\USER\DESKTOP\GAMEENGINE\GAMEENGINE\RELEASE\LAB2.OBJ
C:\USERS\USER\DESKTOP\GAMEENGINE\GAMEENGINE\RELEASE\LAB1.OBJ
C:\USERS\USER\DESKTOP\GAMEENGINE\GAMEENGINE\RELEASE\CAMERA.OBJ
C:\USERS\USER\DESKTOP\GAMEENGINE\GAMEENGINE\RELEASE\VC110.PDB
C:\USERS\USER\DESKTOP\GAMEENGINE\GAMEENGINE\RELEASE\GAMEENGINE.EXE
C:\USERS\USER\DESKTOP\GAMEENGINE\GAMEENGINE\RELEASE\GAMEENGINE.PDB
C:\Users\User\Desktop\GameEngine\GameEngine\Release\Camera.obj
C:\Users\User\Desktop\GameEngine\GameEngine\Release\Lab1.obj
C:\Users\User\Desktop\GameEngine\GameEngine\Release\Lab2.obj
C:\Users\User\Desktop\GameEngine\GameEngine\Release\Lab3.obj
C:\Users\User\Desktop\GameEngine\GameEngine\Release\Lighting.obj
C:\Users\User\Desktop\GameEngine\GameEngine\Release\Main.obj
C:\Users\User\Desktop\GameEngine\GameEngine\Release\Mesh.obj
C:\Users\User\Desktop\GameEngine\GameEngine\Release\ObjectBuffer.obj
C:\Users\User\Desktop\GameEngine\GameEngine\Release\RenderingLab1.obj
C:\Users\User\Desktop\GameEngine\GameEngine\Release\RigidBody.obj
C:\Users\User\Desktop\GameEngine\GameEngine\Release\Shader.obj
C:\Users\User\Desktop\GameEngine\GameEngine\Release\SimpleMesh.obj
C:\Users\User\Desktop\GameEngine\GameEngine\Release\Texture.obj
C:\Users\User\Desktop\GameEngine\GameEngine\Release\TextureLoader.obj
C:\Users\User\Desktop\GameEngine\GameEngine\Release\Window.obj
C:\Users\User\Desktop\GameEngine\GameEngine\Release\cl.command.1.tlog
C:\Users\User\Desktop\GameEngine\GameEngine\Release\CL.read.1.tlog
C:\Users\User\Desktop\GameEngine\GameEngine\Release\CL.write.1.tlog
C:\Users\User\Desktop\GameEngine\GameEngine\Release\link-cvtres.read.1.tlog
C:\Users\User\Desktop\GameEngine\GameEngine\Release\link-cvtres.write.1.tlog
C:\Users\User\Desktop\GameEngine\GameEngine\Release\link-rc.read.1.tlog
C:\Users\User\Desktop\GameEngine\GameEngine\Release\link-rc.write.1.tlog
C:\Users\User\Desktop\GameEngine\GameEngine\Release\link.command.1.tlog
C:\Users\User\Desktop\GameEngine\GameEngine\Release\link.read.1.tlog
C:\Users\User\Desktop\GameEngine\GameEngine\Release\link.read.2.tlog
C:\Users\User\Desktop\GameEngine\GameEngine\Release\link.read.3.tlog
C:\Users\User\Desktop\GameEngine\GameEngine\Release\link.read.4.tlog
C:\Users\User\Desktop\GameEngine\GameEngine\Release\link.read.5.tlog
C:\Users\User\Desktop\GameEngine\GameEngine\Release\link.write.1.tlog
C:\Users\User\Desktop\GameEngine\GameEngine\Release\GameEngine.pdb
C:\Users\User\Desktop\GameEngine\GameEngine\Release\vc110.pdb
C:\Users\User\Desktop\GameEngine\GameEngine\Release\GameEngine.exe
